<?xml version="1.0" encoding="UTF-8"?>
<!-- Generated by org.testng.reporters.JUnitReportReporter -->
<testsuite hostname="LAPTOP-TGUEFRPF" failures="0" tests="1" name="com.mystore.testcases.SearchHotelsPageTest" time="8.636" errors="0" timestamp="2022-01-30T20:11:05 IST" skipped="0">
  <testcase classname="com.mystore.testcases.SearchHotelsPageTest" name="searchHotelPageTest" time="8.636"/>
  <system-out/>
</testsuite> <!-- com.mystore.testcases.SearchHotelsPageTest -->
