<?xml version="1.0" encoding="UTF-8"?>
<!-- Generated by org.testng.reporters.JUnitReportReporter -->
<testsuite hostname="LAPTOP-TGUEFRPF" failures="0" tests="1" name="com.mystore.testcases.LoginPageTest" time="12.279" errors="0" timestamp="2022-01-30T20:11:05 IST" skipped="0">
  <testcase classname="com.mystore.testcases.LoginPageTest" name="loginPageTest" time="12.279"/>
  <system-out/>
</testsuite> <!-- com.mystore.testcases.LoginPageTest -->
